<?xml version="1.0" encoding="utf-8"?><testsuites name="pytest tests"><testsuite name="pytest" errors="0" failures="0" skipped="0" tests="8" time="3.610" timestamp="2026-06-30T10:32:29.885530+00:00" hostname="agent-env-283f0dfb-6433-41ef-869c-20292dc22ab6"><testcase classname="tests.test_admin_setup_and_password_flow" name="test_01_setup_status_before_admin_is_false" time="0.151" /><testcase classname="tests.test_admin_setup_and_password_flow" name="test_02_create_admin_via_setup" time="0.293" /><testcase classname="tests.test_admin_setup_and_password_flow" name="test_03_setup_status_after_creation_is_true" time="0.078" /><testcase classname="tests.test_admin_setup_and_password_flow" name="test_04_setup_admin_second_call_returns_400" time="0.096" /><testcase classname="tests.test_admin_setup_and_password_flow" name="test_05_bcrypt_hash_in_db" time="0.001" /><testcase classname="tests.test_admin_setup_and_password_flow" name="test_06_login_with_new_admin" time="0.382" /><testcase classname="tests.test_admin_setup_and_password_flow" name="test_07_forgot_password_creates_reset_row" time="0.097" /><testcase classname="tests.test_admin_setup_and_password_flow" name="test_08_reset_password_and_relogin" time="1.657" /></testsuite></testsuites>