<?xml version="1.0" encoding="utf-8"?><testsuites name="pytest tests"><testsuite name="pytest" errors="0" failures="0" skipped="0" tests="9" time="3.656" timestamp="2026-06-30T10:12:08.369999+00:00" hostname="agent-env-283f0dfb-6433-41ef-869c-20292dc22ab6"><testcase classname="tests.test_password_reset.TestExistingFlowsStillWork" name="test_root_health" time="0.004" /><testcase classname="tests.test_password_reset.TestExistingFlowsStillWork" name="test_setup_status" time="0.143" /><testcase classname="tests.test_password_reset.TestExistingFlowsStillWork" name="test_login_with_current_password_and_me" time="0.450" /><testcase classname="tests.test_password_reset.TestForgotPassword" name="test_non_existing_email_returns_ok_no_row" time="0.064" /><testcase classname="tests.test_password_reset.TestForgotPassword" name="test_existing_email_creates_reset_row" time="0.568" /><testcase classname="tests.test_password_reset.TestResetPassword" name="test_invalid_token_returns_400" time="0.048" /><testcase classname="tests.test_password_reset.TestResetPassword" name="test_short_password_returns_400" time="0.145" /><testcase classname="tests.test_password_reset.TestResetPassword" name="test_expired_token_returns_400" time="0.152" /><testcase classname="tests.test_password_reset.TestResetPassword" name="test_full_reset_flow_and_invalidations" time="1.957" /></testsuite></testsuites>