<?xml version="1.0" encoding="utf-8"?><testsuites name="pytest tests"><testsuite name="pytest" errors="0" failures="0" skipped="0" tests="13" time="103.028" timestamp="2026-06-30T10:38:49.691443+00:00" hostname="agent-env-283f0dfb-6433-41ef-869c-20292dc22ab6"><testcase classname="tests.test_admin_email_promotion.TestExistingFlows" name="test_health" time="0.131" /><testcase classname="tests.test_admin_email_promotion.TestExistingFlows" name="test_setup_status" time="0.204" /><testcase classname="tests.test_admin_email_promotion.TestExistingFlows" name="test_cms_reads" time="0.643" /><testcase classname="tests.test_admin_email_promotion.TestExistingFlows" name="test_create_inquiry" time="0.091" /><testcase classname="tests.test_admin_email_promotion.TestExistingFlows" name="test_logout_clears_cookies" time="0.461" /><testcase classname="tests.test_admin_email_promotion.TestPromotedAdminLogin" name="test_login_returns_admin_role" time="0.304" /><testcase classname="tests.test_admin_email_promotion.TestPromotedAdminLogin" name="test_admin_overview_accessible" time="0.410" /><testcase classname="tests.test_admin_email_promotion.TestPromotedAdminLogin" name="test_me_returns_admin" time="0.366" /><testcase classname="tests.test_admin_email_promotion.TestRecoveryFlow" name="test_full_recovery_pipeline" time="1.200" /><testcase classname="tests.test_admin_email_promotion.TestStartupBranches" name="test_already_admin_branch" time="24.633" /><testcase classname="tests.test_admin_email_promotion.TestStartupBranches" name="test_user_not_found_branch" time="24.918" /><testcase classname="tests.test_admin_email_promotion.TestStartupBranches" name="test_empty_admin_email_branch" time="25.015" /><testcase classname="tests.test_admin_email_promotion.TestStartupBranches" name="test_promotion_branch" time="24.586" /></testsuite></testsuites>