<?xml version="1.0" encoding="utf-8"?><testsuites name="pytest tests"><testsuite name="pytest" errors="0" failures="0" skipped="0" tests="8" time="2.828" timestamp="2026-06-30T09:53:41.845651+00:00" hostname="agent-env-283f0dfb-6433-41ef-869c-20292dc22ab6"><testcase classname="tests.test_health_and_auth_cookies.TestHealthEndpoint" name="test_root_health_returns_200_ok_on_backend_pod" time="0.003" /><testcase classname="tests.test_health_and_auth_cookies.TestAuthCookiePersistence" name="test_setup_status_returns_200" time="0.443" /><testcase classname="tests.test_health_and_auth_cookies.TestHealthEndpoint" name="test_api_root_still_works" time="0.228" /><testcase classname="tests.test_health_and_auth_cookies.TestHealthEndpoint" name="test_api_health_not_required" time="0.082" /><testcase classname="tests.test_health_and_auth_cookies.TestAuthCookiePersistence" name="test_login_sets_samesite_lax_cookies" time="0.403" /><testcase classname="tests.test_health_and_auth_cookies.TestAuthCookiePersistence" name="test_login_then_me_persists_cookies" time="0.485" /><testcase classname="tests.test_health_and_auth_cookies.TestAuthCookiePersistence" name="test_login_then_admin_overview" time="0.421" /><testcase classname="tests.test_health_and_auth_cookies.TestAuthCookiePersistence" name="test_logout_clears_cookies_and_me_returns_401" time="0.555" /></testsuite></testsuites>